<?xml version="1.0" encoding="UTF-8"?>
<testsuite xmlns:xsi="http://www.w3.org/2001/XMLSchema-instance" xsi:noNamespaceSchemaLocation="https://maven.apache.org/surefire/maven-surefire-plugin/xsd/surefire-test-report.xsd" name="app.core.MoneyTest" time="0.035" tests="4" errors="0" skipped="0" failures="3">
  <properties>
[...]
</properties>
  <testcase name="testMultiplicationDollar" classname="app.core.MoneyTest" time="0.027">
    <failure message="expected: &lt;app.core.Dollar@5f282abb&gt; but was: &lt;app.core.Dollar@167fdd33&gt;" type="org.opentest4j.AssertionFailedError"><![CDATA[org.opentest4j.AssertionFailedError: expected: <app.core.Dollar@5f282abb> but was: <app.core.Dollar@167fdd33>
	at app.core.MoneyTest.testMultiplicationDollar(MoneyTest.java:15)
]]></failure>
    <system-out><![CDATA[app.core.Dollar@10bbd20a
]]></system-out>
  </testcase>
  <testcase name="testMultiplicationFranc" classname="app.core.MoneyTest" time="0.001">
    <failure message="expected: &lt;app.core.Franc@480bdb19&gt; but was: &lt;app.core.Franc@2a556333&gt;" type="org.opentest4j.AssertionFailedError"><![CDATA[org.opentest4j.AssertionFailedError: expected: <app.core.Franc@480bdb19> but was: <app.core.Franc@2a556333>
	at app.core.MoneyTest.testMultiplicationFranc(MoneyTest.java:29)
]]></failure>
  </testcase>
  <testcase name="testEqualityDollar" classname="app.core.MoneyTest" time="0.001">
    <failure message="expected: &lt;app.core.Dollar@7d70d1b1&gt; but was: &lt;app.core.Franc@2a742aa2&gt;" type="org.opentest4j.AssertionFailedError"><![CDATA[org.opentest4j.AssertionFailedError: expected: <app.core.Dollar@7d70d1b1> but was: <app.core.Franc@2a742aa2>
	at app.core.MoneyTest.testEqualityDollar(MoneyTest.java:20)
]]></failure>
  </testcase>
  <testcase name="testEqualityFranc" classname="app.core.MoneyTest" time="0.001"/>
</testsuite>